0 info it worked if it ends with ok
1 verbose cli [ 'node', '/usr/local/bin/npm', 'install', '-g', 'ios-sim' ]
2 info using npm@1.4.28
3 info using node@v0.10.36
4 verbose cache add [ 'ios-sim', null ]
5 verbose cache add name=undefined spec="ios-sim" args=["ios-sim",null]
6 verbose parsed url { protocol: null,
6 verbose parsed url   slashes: null,
6 verbose parsed url   auth: null,
6 verbose parsed url   host: null,
6 verbose parsed url   port: null,
6 verbose parsed url   hostname: null,
6 verbose parsed url   hash: null,
6 verbose parsed url   search: null,
6 verbose parsed url   query: null,
6 verbose parsed url   pathname: 'ios-sim',
6 verbose parsed url   path: 'ios-sim',
6 verbose parsed url   href: 'ios-sim' }
7 silly lockFile 6af69284-ios-sim ios-sim
8 verbose lock ios-sim /Users/TOKA/.npm/6af69284-ios-sim.lock
9 silly lockFile 6af69284-ios-sim ios-sim
10 silly lockFile 6af69284-ios-sim ios-sim
11 verbose addNamed [ 'ios-sim', '' ]
12 verbose addNamed [ null, '*' ]
13 silly lockFile 03dce7cc-ios-sim ios-sim@
14 verbose lock ios-sim@ /Users/TOKA/.npm/03dce7cc-ios-sim.lock
15 silly addNameRange { name: 'ios-sim', range: '*', hasData: false }
16 verbose request where is /ios-sim
17 verbose request registry https://registry.npmjs.org/
18 verbose request id 35704a5cdb18dbcf
19 verbose url raw /ios-sim
20 verbose url resolving [ 'https://registry.npmjs.org/', './ios-sim' ]
21 verbose url resolved https://registry.npmjs.org/ios-sim
22 verbose request where is https://registry.npmjs.org/ios-sim
23 info trying registry request attempt 1 at 00:24:54
24 verbose etag "2M8MW51B5WF7L38OBQ04J54HD"
25 http GET https://registry.npmjs.org/ios-sim
26 http 200 https://registry.npmjs.org/ios-sim
27 silly registry.get cb [ 200,
27 silly registry.get   { date: 'Mon, 02 Mar 2015 03:24:54 GMT',
27 silly registry.get     server: 'CouchDB/1.5.0 (Erlang OTP/R16B03)',
27 silly registry.get     etag: '"5N2I9S5HWR4XHX26339ANL7X5"',
27 silly registry.get     'content-type': 'application/json',
27 silly registry.get     'cache-control': 'max-age=60',
27 silly registry.get     'content-length': '16842',
27 silly registry.get     'accept-ranges': 'bytes',
27 silly registry.get     via: '1.1 varnish',
27 silly registry.get     age: '0',
27 silly registry.get     'x-served-by': 'cache-iad2137-IAD',
27 silly registry.get     'x-cache': 'MISS',
27 silly registry.get     'x-cache-hits': '0',
27 silly registry.get     'x-timer': 'S1425266694.316768,VS0,VE351',
27 silly registry.get     vary: 'Accept',
27 silly registry.get     'keep-alive': 'timeout=10, max=50',
27 silly registry.get     connection: 'Keep-Alive' } ]
28 silly addNameRange number 2 { name: 'ios-sim', range: '*', hasData: true }
29 silly addNameRange versions [ 'ios-sim',
29 silly addNameRange   [ '1.8.0',
29 silly addNameRange     '1.8.1',
29 silly addNameRange     '1.8.2',
29 silly addNameRange     '1.9.0',
29 silly addNameRange     '2.0.0',
29 silly addNameRange     '2.0.1',
29 silly addNameRange     '3.0.0',
29 silly addNameRange     '3.1.0',
29 silly addNameRange     '3.1.1',
29 silly addNameRange     '4.0.0',
29 silly addNameRange     '4.0.1' ] ]
30 verbose addNamed [ 'ios-sim', '3.1.1' ]
31 verbose addNamed [ '3.1.1', '3.1.1' ]
32 silly lockFile 022ac800-ios-sim-3-1-1 ios-sim@3.1.1
33 verbose lock ios-sim@3.1.1 /Users/TOKA/.npm/022ac800-ios-sim-3-1-1.lock
34 silly lockFile 94b6d454-js-org-ios-sim-ios-sim-3-1-1-tgz https://registry.npmjs.org/ios-sim/-/ios-sim-3.1.1.tgz
35 verbose lock https://registry.npmjs.org/ios-sim/-/ios-sim-3.1.1.tgz /Users/TOKA/.npm/94b6d454-js-org-ios-sim-ios-sim-3-1-1-tgz.lock
36 verbose addRemoteTarball [ 'https://registry.npmjs.org/ios-sim/-/ios-sim-3.1.1.tgz',
36 verbose addRemoteTarball   '1129c3fda31b917ef656b8c53fd276392b51c6e8' ]
37 info retry fetch attempt 1 at 00:24:55
38 verbose fetch to= /var/folders/mw/dnf7hp_x4gjfhn7x13237kfr0000gn/T/npm-18384-r-ftG6s1/registry.npmjs.org/ios-sim/-/ios-sim-3.1.1.tgz
39 http GET https://registry.npmjs.org/ios-sim/-/ios-sim-3.1.1.tgz
40 http 200 https://registry.npmjs.org/ios-sim/-/ios-sim-3.1.1.tgz
41 silly lockFile 94b6d454-js-org-ios-sim-ios-sim-3-1-1-tgz https://registry.npmjs.org/ios-sim/-/ios-sim-3.1.1.tgz
42 silly lockFile 94b6d454-js-org-ios-sim-ios-sim-3-1-1-tgz https://registry.npmjs.org/ios-sim/-/ios-sim-3.1.1.tgz
43 silly lockFile 022ac800-ios-sim-3-1-1 ios-sim@3.1.1
44 silly lockFile 022ac800-ios-sim-3-1-1 ios-sim@3.1.1
45 silly lockFile 03dce7cc-ios-sim ios-sim@
46 silly lockFile 03dce7cc-ios-sim ios-sim@
47 error Error: EACCES, mkdir '/Users/TOKA/.npm/ios-sim/3.1.1'
47 error  { [Error: EACCES, mkdir '/Users/TOKA/.npm/ios-sim/3.1.1']
47 error   errno: 3,
47 error   code: 'EACCES',
47 error   path: '/Users/TOKA/.npm/ios-sim/3.1.1' }
48 error Please try running this command again as root/Administrator.
49 error System Darwin 14.1.0
50 error command "node" "/usr/local/bin/npm" "install" "-g" "ios-sim"
51 error cwd /Users/TOKA/apps/phonegap/bioquimica
52 error node -v v0.10.36
53 error npm -v 1.4.28
54 error path /Users/TOKA/.npm/ios-sim/3.1.1
55 error code EACCES
56 error errno 3
57 error stack Error: EACCES, mkdir '/Users/TOKA/.npm/ios-sim/3.1.1'
58 verbose exit [ 3, true ]
