2015-03-29 20:11:14.382 Bioquímica Animada[78073:255136] DiskCookieStorage changing policy from 2 to 0, cookie file: file:///Users/TOKA/Library/Developer/CoreSimulator/Devices/3F4E886D-5EA7-4FE2-BF8E-74A8B06D07DB/data/Containers/Data/Application/086A68C7-2564-409B-86CC-0E23BD17A87D/Library/Cookies/Cookies.binarycookies
2015-03-29 20:11:14.494 Bioquímica Animada[78073:255136] Apache Cordova native platform version 3.7.0 is starting.
2015-03-29 20:11:14.495 Bioquímica Animada[78073:255136] Multi-tasking -> Device: YES, App: YES
2015-03-29 20:11:14.498 Bioquímica Animada[78073:255136] Unlimited access to network resources
2015-03-29 20:11:14.503 Bioquímica Animada[78073:255136] 

Started backup to iCloud! Please be careful.
Your application might be rejected by Apple if you store too much data.
For more information please read "iOS Data Storage Guidelines" at:
https://developer.apple.com/icloud/documentation/data-storage/
To disable web storage backup to iCloud, set the BackupWebStorage preference to "local" in the Cordova config.xml file

2015-03-29 20:11:14.668 Bioquímica Animada[78073:255136] Resetting plugins due to page load.
2015-03-29 20:11:14.841 Bioquímica Animada[78073:255136] Finished load of: file:///Users/TOKA/Library/Developer/CoreSimulator/Devices/3F4E886D-5EA7-4FE2-BF8E-74A8B06D07DB/data/Containers/Bundle/Application/E9C44409-EE05-43FE-BB0D-A05CDE41F946/Bioqui%CC%81mica%20Animada.app/www/index.html
2015-03-29 20:11:19.950 Bioquímica Animada[78073:255136] CDVPlugin class CDVVibration (pluginName: Vibration) does not exist.
2015-03-29 20:11:19.950 Bioquímica Animada[78073:255136] ERROR: Plugin 'Vibration' not found, or is not a CDVPlugin. Check your plugin mapping in config.xml.
2015-03-29 20:11:19.950 Bioquímica Animada[78073:255136] -[CDVCommandQueue executePending] [Line 158] FAILED pluginJSON = [
  "INVALID",
  "Vibration",
  "vibrate",
  [
    100
  ]
]
2015-03-29 20:45:40.862 Bioquímica Animada[99574:290853] DiskCookieStorage changing policy from 2 to 0, cookie file: file:///Users/TOKA/Library/Developer/CoreSimulator/Devices/3F4E886D-5EA7-4FE2-BF8E-74A8B06D07DB/data/Containers/Data/Application/19E87CB5-4F90-4F93-A720-367E7AC3C354/Library/Cookies/Cookies.binarycookies
2015-03-29 20:45:40.942 Bioquímica Animada[99574:290853] Apache Cordova native platform version 3.7.0 is starting.
2015-03-29 20:45:40.942 Bioquímica Animada[99574:290853] Multi-tasking -> Device: YES, App: YES
2015-03-29 20:45:40.945 Bioquímica Animada[99574:290853] Unlimited access to network resources
2015-03-29 20:45:40.948 Bioquímica Animada[99574:290853] 

Started backup to iCloud! Please be careful.
Your application might be rejected by Apple if you store too much data.
For more information please read "iOS Data Storage Guidelines" at:
https://developer.apple.com/icloud/documentation/data-storage/
To disable web storage backup to iCloud, set the BackupWebStorage preference to "local" in the Cordova config.xml file

2015-03-29 20:45:41.095 Bioquímica Animada[99574:290853] Resetting plugins due to page load.
2015-03-29 20:45:41.341 Bioquímica Animada[99574:290853] Finished load of: file:///Users/TOKA/Library/Developer/CoreSimulator/Devices/3F4E886D-5EA7-4FE2-BF8E-74A8B06D07DB/data/Containers/Bundle/Application/3DBB32F0-28AB-48A5-825D-AE301CB0C2BD/Bioqui%CC%81mica%20Animada.app/www/index.html
2015-06-19 13:33:21.747 Bioquímica Animada[40566:216995] DiskCookieStorage changing policy from 2 to 0, cookie file: file:///Users/TOKA/Library/Developer/CoreSimulator/Devices/47D375D7-A219-4249-8AEB-5D1DD93EC397/data/Containers/Data/Application/C5BD1DF4-4891-4069-B5C9-D9D28C33E077/Library/Cookies/Cookies.binarycookies
2015-06-19 13:33:22.068 Bioquímica Animada[40566:216995] Apache Cordova native platform version 3.7.0 is starting.
2015-06-19 13:33:22.068 Bioquímica Animada[40566:216995] Multi-tasking -> Device: YES, App: YES
2015-06-19 13:33:22.085 Bioquímica Animada[40566:216995] Unlimited access to network resources
2015-06-19 13:33:22.096 Bioquímica Animada[40566:216995] 

Started backup to iCloud! Please be careful.
Your application might be rejected by Apple if you store too much data.
For more information please read "iOS Data Storage Guidelines" at:
https://developer.apple.com/icloud/documentation/data-storage/
To disable web storage backup to iCloud, set the BackupWebStorage preference to "local" in the Cordova config.xml file

2015-06-19 13:33:22.638 Bioquímica Animada[40566:216995] Resetting plugins due to page load.
2015-06-19 13:33:22.957 Bioquímica Animada[40566:216995] Finished load of: file:///Users/TOKA/Library/Developer/CoreSimulator/Devices/47D375D7-A219-4249-8AEB-5D1DD93EC397/data/Containers/Bundle/Application/B1474A80-19E2-480B-8900-2035A944A23E/Bioqui%CC%81mica%20Animada.app/www/index.html
2015-06-19 13:35:38.025 Bioquímica Animada[42188:220355] DiskCookieStorage changing policy from 2 to 0, cookie file: file:///Users/TOKA/Library/Developer/CoreSimulator/Devices/47D375D7-A219-4249-8AEB-5D1DD93EC397/data/Containers/Data/Application/22470A77-70A6-4BC8-B3DF-C5F4C07801F5/Library/Cookies/Cookies.binarycookies
2015-06-19 13:35:38.118 Bioquímica Animada[42188:220355] Apache Cordova native platform version 3.7.0 is starting.
2015-06-19 13:35:38.119 Bioquímica Animada[42188:220355] Multi-tasking -> Device: YES, App: YES
2015-06-19 13:35:38.120 Bioquímica Animada[42188:220355] Unlimited access to network resources
2015-06-19 13:35:38.123 Bioquímica Animada[42188:220355] 

Started backup to iCloud! Please be careful.
Your application might be rejected by Apple if you store too much data.
For more information please read "iOS Data Storage Guidelines" at:
https://developer.apple.com/icloud/documentation/data-storage/
To disable web storage backup to iCloud, set the BackupWebStorage preference to "local" in the Cordova config.xml file

2015-06-19 13:35:38.243 Bioquímica Animada[42188:220355] Resetting plugins due to page load.
2015-06-19 13:35:38.414 Bioquímica Animada[42188:220355] Finished load of: file:///Users/TOKA/Library/Developer/CoreSimulator/Devices/47D375D7-A219-4249-8AEB-5D1DD93EC397/data/Containers/Bundle/Application/A99DE541-0354-4EA1-936E-4818C7A71C74/Bioqui%CC%81mica%20Animada.app/www/index.html
2015-06-19 13:36:00.387 Bioquímica Animada[42188:220867] Terminating since there is no system app.
2015-06-19 14:15:10.239 Bioquímica Animada[68689:266718] DiskCookieStorage changing policy from 2 to 0, cookie file: file:///Users/TOKA/Library/Developer/CoreSimulator/Devices/47D375D7-A219-4249-8AEB-5D1DD93EC397/data/Containers/Data/Application/06433D76-C6ED-4A82-8AC2-B0B81B9CD1B1/Library/Cookies/Cookies.binarycookies
2015-06-19 14:15:10.496 Bioquímica Animada[68689:266718] Apache Cordova native platform version 3.7.0 is starting.
2015-06-19 14:15:10.496 Bioquímica Animada[68689:266718] Multi-tasking -> Device: YES, App: YES
2015-06-19 14:15:10.511 Bioquímica Animada[68689:266718] Unlimited access to network resources
2015-06-19 14:15:10.522 Bioquímica Animada[68689:266718] 

Started backup to iCloud! Please be careful.
Your application might be rejected by Apple if you store too much data.
For more information please read "iOS Data Storage Guidelines" at:
https://developer.apple.com/icloud/documentation/data-storage/
To disable web storage backup to iCloud, set the BackupWebStorage preference to "local" in the Cordova config.xml file

2015-06-19 14:15:10.955 Bioquímica Animada[68689:266718] Resetting plugins due to page load.
2015-06-19 14:15:11.251 Bioquímica Animada[68689:266718] Finished load of: file:///Users/TOKA/Library/Developer/CoreSimulator/Devices/47D375D7-A219-4249-8AEB-5D1DD93EC397/data/Containers/Bundle/Application/3DC858D5-0C3B-48B8-B582-8DAE9AEEFA22/Bioqui%CC%81mica%20Animada.app/www/index.html
2015-06-19 14:15:59.011 Bioquímica Animada[69427:267994] DiskCookieStorage changing policy from 2 to 0, cookie file: file:///Users/TOKA/Library/Developer/CoreSimulator/Devices/47D375D7-A219-4249-8AEB-5D1DD93EC397/data/Containers/Data/Application/9C8DF061-ADBF-4632-83ED-167383C71E4E/Library/Cookies/Cookies.binarycookies
2015-06-19 14:15:59.189 Bioquímica Animada[69427:267994] Apache Cordova native platform version 3.7.0 is starting.
2015-06-19 14:15:59.189 Bioquímica Animada[69427:267994] Multi-tasking -> Device: YES, App: YES
2015-06-19 14:15:59.193 Bioquímica Animada[69427:267994] Unlimited access to network resources
2015-06-19 14:15:59.196 Bioquímica Animada[69427:267994] 

Started backup to iCloud! Please be careful.
Your application might be rejected by Apple if you store too much data.
For more information please read "iOS Data Storage Guidelines" at:
https://developer.apple.com/icloud/documentation/data-storage/
To disable web storage backup to iCloud, set the BackupWebStorage preference to "local" in the Cordova config.xml file

2015-06-19 14:15:59.361 Bioquímica Animada[69427:267994] Resetting plugins due to page load.
2015-06-19 14:15:59.501 Bioquímica Animada[69427:267994] Finished load of: file:///Users/TOKA/Library/Developer/CoreSimulator/Devices/47D375D7-A219-4249-8AEB-5D1DD93EC397/data/Containers/Bundle/Application/08FAC1F4-28CF-4BEC-82E6-D44C9D6FB8E3/Bioqui%CC%81mica%20Animada.app/www/index.html
2015-06-19 14:17:45.663 Bioquímica Animada[70619:270073] DiskCookieStorage changing policy from 2 to 0, cookie file: file:///Users/TOKA/Library/Developer/CoreSimulator/Devices/47D375D7-A219-4249-8AEB-5D1DD93EC397/data/Containers/Data/Application/8FD0BD2F-404B-4390-95AC-DDE0255FDFE2/Library/Cookies/Cookies.binarycookies
2015-06-19 14:17:45.832 Bioquímica Animada[70619:270073] Apache Cordova native platform version 3.7.0 is starting.
2015-06-19 14:17:45.832 Bioquímica Animada[70619:270073] Multi-tasking -> Device: YES, App: YES
2015-06-19 14:17:45.835 Bioquímica Animada[70619:270073] Unlimited access to network resources
2015-06-19 14:17:45.838 Bioquímica Animada[70619:270073] 

Started backup to iCloud! Please be careful.
Your application might be rejected by Apple if you store too much data.
For more information please read "iOS Data Storage Guidelines" at:
https://developer.apple.com/icloud/documentation/data-storage/
To disable web storage backup to iCloud, set the BackupWebStorage preference to "local" in the Cordova config.xml file

2015-06-19 14:17:46.010 Bioquímica Animada[70619:270073] Resetting plugins due to page load.
2015-06-19 14:17:46.220 Bioquímica Animada[70619:270073] Finished load of: file:///Users/TOKA/Library/Developer/CoreSimulator/Devices/47D375D7-A219-4249-8AEB-5D1DD93EC397/data/Containers/Bundle/Application/A75E281C-F8FA-4A98-9F5D-C1189396DBD7/Bioqui%CC%81mica%20Animada.app/www/index.html
2015-06-19 14:19:28.739 Bioquímica Animada[71938:272428] DiskCookieStorage changing policy from 2 to 0, cookie file: file:///Users/TOKA/Library/Developer/CoreSimulator/Devices/47D375D7-A219-4249-8AEB-5D1DD93EC397/data/Containers/Data/Application/36C9E690-F52A-4C3C-B7DE-18E023A65BC1/Library/Cookies/Cookies.binarycookies
2015-06-19 14:19:28.962 Bioquímica Animada[71938:272428] Apache Cordova native platform version 3.7.0 is starting.
2015-06-19 14:19:28.962 Bioquímica Animada[71938:272428] Multi-tasking -> Device: YES, App: YES
2015-06-19 14:19:28.966 Bioquímica Animada[71938:272428] Unlimited access to network resources
2015-06-19 14:19:28.969 Bioquímica Animada[71938:272428] 

Started backup to iCloud! Please be careful.
Your application might be rejected by Apple if you store too much data.
For more information please read "iOS Data Storage Guidelines" at:
https://developer.apple.com/icloud/documentation/data-storage/
To disable web storage backup to iCloud, set the BackupWebStorage preference to "local" in the Cordova config.xml file

2015-06-19 14:19:29.087 Bioquímica Animada[71938:272428] Resetting plugins due to page load.
2015-06-19 14:19:29.229 Bioquímica Animada[71938:272428] Finished load of: file:///Users/TOKA/Library/Developer/CoreSimulator/Devices/47D375D7-A219-4249-8AEB-5D1DD93EC397/data/Containers/Bundle/Application/24EEC9B7-248C-4DAD-B925-5EE574C0235B/Bioqui%CC%81mica%20Animada.app/www/index.html
2015-06-23 11:33:48.194 Bioquímica Animada[1934:8759] DiskCookieStorage changing policy from 2 to 0, cookie file: file:///Users/TOKA/Library/Developer/CoreSimulator/Devices/47D375D7-A219-4249-8AEB-5D1DD93EC397/data/Containers/Data/Application/38AA66FB-ABF8-4DED-8EB9-CEEC518EE6CA/Library/Cookies/Cookies.binarycookies
2015-06-23 11:33:48.659 Bioquímica Animada[1934:8759] Apache Cordova native platform version 3.7.0 is starting.
2015-06-23 11:33:48.659 Bioquímica Animada[1934:8759] Multi-tasking -> Device: YES, App: YES
2015-06-23 11:33:48.682 Bioquímica Animada[1934:8759] Unlimited access to network resources
2015-06-23 11:33:48.703 Bioquímica Animada[1934:8759] 

Started backup to iCloud! Please be careful.
Your application might be rejected by Apple if you store too much data.
For more information please read "iOS Data Storage Guidelines" at:
https://developer.apple.com/icloud/documentation/data-storage/
To disable web storage backup to iCloud, set the BackupWebStorage preference to "local" in the Cordova config.xml file

2015-06-23 11:33:49.454 Bioquímica Animada[1934:8759] Resetting plugins due to page load.
2015-06-23 11:33:49.782 Bioquímica Animada[1934:8759] Finished load of: file:///Users/TOKA/Library/Developer/CoreSimulator/Devices/47D375D7-A219-4249-8AEB-5D1DD93EC397/data/Containers/Bundle/Application/AEE666BC-3B9B-4D2B-9C33-9E1B61C532B8/Bioqui%CC%81mica%20Animada.app/www/index.html
